2019-09-10 10:55:52,081 - root - INFO - Creating an instance of MyClass
2019-09-10 10:55:52,082 - mypackage.module_one.MyClass - INFO - Creating an instance of MyClass
2019-09-10 10:55:52,082 - root - INFO - Reading in config file
2019-09-10 10:55:52,084 - root - INFO - Display a value from the config file
2019-09-10 10:55:52,084 - root - INFO - Calling display function from MyClass instance
2019-09-10 10:55:52,085 - mypackage.module_one.MyClass - INFO - Displays a message
2019-09-10 10:55:52,085 - mypackage.module_one.MyClass - INFO - Displays a message
2019-09-10 10:56:22,479 - root - INFO - Creating an instance of MyClass
2019-09-10 10:56:22,479 - mypackage.module_one.MyClass - INFO - Creating an instance of MyClass
2019-09-10 10:56:22,489 - root - INFO - Reading in config file
2019-09-10 10:56:22,490 - root - INFO - Display a value from the config file
2019-09-10 10:56:22,491 - root - INFO - Calling display function from MyClass instance
2019-09-10 10:56:22,491 - mypackage.module_one.MyClass - INFO - Displays a message
2019-09-10 10:56:22,492 - mypackage.module_one.MyClass - INFO - Displays a message
2019-09-10 10:56:41,595 - root - INFO - Creating an instance of MyClass
2019-09-10 10:56:41,596 - mypackage.module_one.MyClass - INFO - Creating an instance of MyClass
2019-09-10 10:56:41,596 - root - INFO - Reading in config file
2019-09-10 10:56:41,597 - root - INFO - Display a value from the config file
2019-09-10 10:56:41,598 - root - INFO - Calling display function from MyClass instance
2019-09-10 10:56:41,598 - mypackage.module_one.MyClass - INFO - Displays a message
2019-09-10 10:56:41,599 - mypackage.module_one.MyClass - INFO - Displays a message
2019-09-10 10:56:52,892 - root - INFO - Creating an instance of MyClass
2019-09-10 10:56:52,892 - mypackage.module_one.MyClass - INFO - Creating an instance of MyClass
2019-09-10 10:56:52,893 - root - INFO - Reading in config file
2019-09-10 10:56:52,894 - root - INFO - Display a value from the config file
2019-09-10 10:56:52,894 - root - INFO - Calling display function from MyClass instance
2019-09-10 10:56:52,895 - mypackage.module_one.MyClass - INFO - Displays a message
2019-09-10 10:56:52,895 - mypackage.module_one.MyClass - INFO - Displays a message
