2019-09-10 11:11:41,491 - root - INFO - Creating an instance of MyClass
2019-09-10 11:11:41,491 - mypackage.module_one.MyClass - INFO - Creating an instance of MyClass
2019-09-10 11:11:41,491 - root - INFO - Reading in config file
2019-09-10 11:11:41,493 - root - INFO - Display a value from the config file
2019-09-10 11:11:41,493 - root - INFO - Calling display function from MyClass instance
2019-09-10 11:11:41,493 - mypackage.module_one.MyClass - INFO - Displays a message
2019-09-10 11:11:41,494 - mypackage.module_one.MyClass - INFO - Displays a message
2019-09-10 11:11:47,478 - root - INFO - Creating an instance of MyClass
2019-09-10 11:11:47,478 - mypackage.module_one.MyClass - INFO - Creating an instance of MyClass
2019-09-10 11:11:47,488 - root - INFO - Reading in config file
2019-09-10 11:11:47,489 - root - INFO - Display a value from the config file
2019-09-10 11:11:47,490 - root - INFO - Calling display function from MyClass instance
2019-09-10 11:11:47,490 - mypackage.module_one.MyClass - INFO - Displays a message
2019-09-10 11:11:47,491 - mypackage.module_one.MyClass - INFO - Displays a message
2019-09-10 11:20:16,379 - root - INFO - Creating an instance of MyClass
2019-09-10 11:20:16,379 - mypackage.module_one.MyClass - INFO - Creating an instance of MyClass
2019-09-10 11:20:16,379 - root - INFO - Reading in config file
2019-09-10 11:20:16,380 - root - INFO - Display a value from the config file
2019-09-10 11:20:16,380 - root - INFO - Calling display function from MyClass instance
2019-09-10 11:20:16,380 - mypackage.module_one.MyClass - INFO - Displays a message
2019-09-10 11:20:16,380 - mypackage.module_one.MyClass - INFO - Displays a message
2019-09-10 11:20:45,169 - root - INFO - Creating an instance of MyClass
2019-09-10 11:20:45,169 - mypackage.module_one.MyClass - INFO - Creating an instance of MyClass
2019-09-10 11:20:45,169 - root - INFO - Reading in config file
2019-09-10 11:20:45,170 - root - INFO - Display a value from the config file
2019-09-10 11:20:45,170 - root - INFO - Calling display function from MyClass instance
2019-09-10 11:20:45,170 - mypackage.module_one.MyClass - INFO - Displays a message
2019-09-10 11:20:45,171 - mypackage.module_one.MyClass - INFO - Displays a message
2019-09-10 11:21:15,943 - root - INFO - Creating an instance of MyClass
2019-09-10 11:21:15,943 - mypackage.module_one.MyClass - INFO - Creating an instance of MyClass
2019-09-10 11:21:15,944 - root - INFO - Reading in config file
2019-09-10 11:21:15,945 - root - INFO - Display a value from the config file
2019-09-10 11:21:15,945 - root - INFO - Calling display function from MyClass instance
2019-09-10 11:21:15,946 - mypackage.module_one.MyClass - INFO - Displays a message
2019-09-10 11:21:15,946 - mypackage.module_one.MyClass - INFO - Displays a message
2019-09-10 11:22:02,702 - root - INFO - Creating an instance of MyClass
2019-09-10 11:22:02,703 - mypackage.module_one.MyClass - INFO - Creating an instance of MyClass
2019-09-10 11:22:02,703 - root - INFO - Reading in config file
2019-09-10 11:22:02,703 - root - INFO - Display a value from the config file
2019-09-10 11:22:02,704 - root - INFO - Calling display function from MyClass instance
2019-09-10 11:22:02,704 - mypackage.module_one.MyClass - INFO - Displays a message
2019-09-10 11:22:02,704 - mypackage.module_one.MyClass - INFO - Displays a message
2019-09-10 11:22:02,704 - root - INFO - End of App

2019-09-10 11:22:08,475 - root - INFO - Creating an instance of MyClass
2019-09-10 11:22:08,475 - mypackage.module_one.MyClass - INFO - Creating an instance of MyClass
2019-09-10 11:22:08,475 - root - INFO - Reading in config file
2019-09-10 11:22:08,476 - root - INFO - Display a value from the config file
2019-09-10 11:22:08,476 - root - INFO - Calling display function from MyClass instance
2019-09-10 11:22:08,476 - mypackage.module_one.MyClass - INFO - Displays a message
2019-09-10 11:22:08,477 - mypackage.module_one.MyClass - INFO - Displays a message
2019-09-10 11:22:08,477 - root - INFO - End of App

2019-09-10 11:26:39,385 - root - INFO - Creating an instance of MyClass
2019-09-10 11:26:39,385 - mypackage.module_one.MyClass - INFO - Creating an instance of MyClass
2019-09-10 11:26:39,385 - root - INFO - Reading in config file
2019-09-10 11:26:39,386 - root - INFO - Display a value from the config file
2019-09-10 11:26:39,387 - root - INFO - Calling display function from MyClass instance
2019-09-10 11:26:39,387 - mypackage.module_one.MyClass - INFO - Displays a message
2019-09-10 11:26:39,387 - mypackage.module_one.MyClass - INFO - Displays a message
2019-09-10 11:26:39,387 - root - INFO - End of App

2019-09-10 11:29:27,960 - root - INFO - Creating an instance of MyClass
2019-09-10 11:29:27,960 - mypackage.module_one.MyClass - INFO - Creating an instance of MyClass
2019-09-10 11:29:27,960 - root - INFO - Reading in config file
2019-09-10 11:29:27,961 - root - INFO - Display a value from the config file
2019-09-10 11:29:27,961 - root - INFO - Calling display function from MyClass instance
2019-09-10 11:29:27,961 - mypackage.module_one.MyClass - INFO - Displays a message
2019-09-10 11:29:27,962 - mypackage.module_one.MyClass - INFO - Displays a message
2019-09-10 11:29:27,962 - root - INFO - End of App

2019-09-10 11:29:56,193 - root - INFO - Creating an instance of MyClass
2019-09-10 11:29:56,193 - mypackage.module_one.MyClass - INFO - Creating an instance of MyClass
2019-09-10 11:29:56,193 - root - INFO - Reading in config file
2019-09-10 11:29:56,194 - root - INFO - Display a value from the config file
2019-09-10 11:29:56,194 - root - INFO - Calling display function from MyClass instance
2019-09-10 11:29:56,194 - mypackage.module_one.MyClass - INFO - Displays a message
2019-09-10 11:29:56,194 - mypackage.module_one.MyClass - INFO - Displays a message
2019-09-10 11:29:56,195 - root - INFO - End of App

2019-09-10 11:30:03,704 - root - INFO - Creating an instance of MyClass
2019-09-10 11:30:03,704 - mypackage.module_one.MyClass - INFO - Creating an instance of MyClass
2019-09-10 11:30:03,704 - root - INFO - Reading in config file
2019-09-10 11:30:03,705 - root - INFO - Display a value from the config file
2019-09-10 11:30:03,705 - root - INFO - Calling display function from MyClass instance
2019-09-10 11:30:03,705 - mypackage.module_one.MyClass - INFO - Displays a message
2019-09-10 11:30:03,706 - mypackage.module_one.MyClass - INFO - Displays a message
2019-09-10 11:30:03,706 - root - INFO - End of App

2019-09-10 11:31:08,130 - mypackage.module_one.MyClass - INFO - Creating an instance of MyClass
2019-09-10 11:31:08,131 - mypackage.module_one.MyClass - INFO - Displays a message
2019-09-10 11:31:08,131 - mypackage.module_one.MyClass - INFO - Displays a message
2019-09-10 11:35:20,248 - root - INFO - Creating an instance of MyClass
2019-09-10 11:35:20,248 - mypackage.module_one.MyClass - INFO - Creating an instance of MyClass
2019-09-10 11:35:20,248 - root - INFO - Reading in config file
2019-09-10 11:35:20,249 - root - INFO - Display a value from the config file
2019-09-10 11:35:20,249 - root - INFO - Calling display function from MyClass instance
2019-09-10 11:35:20,249 - mypackage.module_one.MyClass - INFO - Displays a message
2019-09-10 11:35:20,249 - mypackage.module_one.MyClass - INFO - Displays a message
2019-09-10 11:35:20,250 - root - INFO - End of App

2019-09-10 11:35:59,117 - root - INFO - Creating an instance of MyClass
2019-09-10 11:35:59,117 - mypackage.MyClass - INFO - Creating an instance of MyClass
2019-09-10 11:35:59,117 - root - INFO - Reading in config file
2019-09-10 11:35:59,118 - root - INFO - Display a value from the config file
2019-09-10 11:35:59,118 - root - INFO - Calling display function from MyClass instance
2019-09-10 11:35:59,119 - mypackage.MyClass - INFO - Displays a message
2019-09-10 11:35:59,119 - mypackage.MyClass - INFO - Displays a message
2019-09-10 11:35:59,119 - root - INFO - End of App

